<?xml version="1.0" encoding="UTF-8"?>
<!-- Generated by org.testng.reporters.JUnitReportReporter -->
<testsuite skipped="0" hostname="DESKTOP-GD2TQ7C" name="com.test.OMRBranchClub" tests="6" failures="0" timestamp="15 Jun 2022 06:51:48 GMT" time="12.097" errors="0">
  <testcase name="login" time="5.624" classname="com.test.OMRBranchClub"/>
  <testcase name="createAddress" time="1.325" classname="com.test.OMRBranchClub"/>
  <testcase name="updateAddress" time="1.500" classname="com.test.OMRBranchClub"/>
  <testcase name="getAllAddresses" time="1.150" classname="com.test.OMRBranchClub"/>
  <testcase name="deleteAddress" time="1.082" classname="com.test.OMRBranchClub"/>
  <testcase name="profilePicUpdate" time="1.416" classname="com.test.OMRBranchClub"/>
</testsuite> <!-- com.test.OMRBranchClub -->
